TOR-D1#sh run b
Building configuration...

Current configuration : 9008 bytes
!
! Last configuration change at 23:24:01 UTC Wed Mar 1 2023
!
version 16.12
no service pad
service timestamps debug datetime msec
service timestamps log datetime msec
! Call-home is enabled by Smart-Licensing.
service call-home
platform punt-keepalive disable-kernel-core
!
hostname TOR-D1
!
!
vrf definition Mgmt-vrf
 !
 address-family ipv4
 exit-address-family
 !
 address-family ipv6
 exit-address-family
!
!
no aaa new-model
switch 1 provision c9300l-24p-4g
!
!
!
!
call-home
 ! If contact email address in call-home is configured as sch-smart-licensing@cisco.com
 ! the email address configured in Cisco Smart License Portal will be used as contact email address to send SCH notifications.
 contact-email-addr sch-smart-licensing@cisco.com
 profile "CiscoTAC-1"
  active
  destination transport-method http
  no destination transport-method email
ip routing
!
no ip domain lookup
!
!
!
login on-success log
!
!
!
!
!
!
!
no device-tracking logging theft
!
crypto pki trustpoint SLA-TrustPoint
 enrollment pkcs12
 revocation-check crl
!
crypto pki trustpoint TP-self-signed-1646577035
 enrollment selfsigned
 subject-name cn=IOS-Self-Signed-Certificate-1646577035
 revocation-check none
 rsakeypair TP-self-signed-1646577035
!
!
crypto pki certificate chain SLA-TrustPoint
 certificate ca 01
crypto pki certificate chain TP-self-signed-1646577035
 certificate self-signed 01
!
!
license boot level network-advantage
!
!
diagnostic bootup level minimal
!
spanning-tree mode rapid-pvst
spanning-tree extend system-id
spanning-tree vlan 10,314 priority 24576
spanning-tree vlan 214 priority 28672
memory free low-watermark processor 134325
!
!
redundancy
 mode sso
!
!
!
!
!
transceiver type all
 monitoring
!
!
class-map match-any system-cpp-police-ewlc-control
  description EWLC Control 
class-map match-any system-cpp-police-topology-control
  description Topology control
class-map match-any system-cpp-police-sw-forward
  description Sw forwarding, L2 LVX data packets, LOGGING, Transit Traffic
class-map match-any system-cpp-default
  description EWLC Data, Inter FED Traffic 
class-map match-any system-cpp-police-sys-data
  description Openflow, Exception, EGR Exception, NFL Sampled Data, RPF Failed
class-map match-any system-cpp-police-punt-webauth
  description Punt Webauth
class-map match-any system-cpp-police-l2lvx-control
  description L2 LVX control packets
class-map match-any system-cpp-police-forus
  description Forus Address resolution and Forus traffic
class-map match-any system-cpp-police-multicast-end-station
  description MCAST END STATION
class-map match-any system-cpp-police-high-rate-app
  description High Rate Applications 
class-map match-any system-cpp-police-multicast
  description MCAST Data
class-map match-any system-cpp-police-l2-control
  description L2 control
class-map match-any system-cpp-police-dot1x-auth
  description DOT1X Auth
class-map match-any system-cpp-police-data
  description ICMP redirect, ICMP_GEN and BROADCAST
class-map match-any system-cpp-police-stackwise-virt-control
  description Stackwise Virtual OOB
class-map match-any non-client-nrt-class
class-map match-any system-cpp-police-routing-control
  description Routing control and Low Latency
class-map match-any system-cpp-police-protocol-snooping
  description Protocol snooping
class-map match-any system-cpp-police-dhcp-snooping
  description DHCP snooping
class-map match-any system-cpp-police-ios-routing
  description L2 control, Topology control, Routing control, Low Latency
class-map match-any system-cpp-police-system-critical
  description System Critical and Gold Pkt
class-map match-any system-cpp-police-ios-feature
  description ICMPGEN,BROADCAST,ICMP,L2LVXCntrl,ProtoSnoop,PuntWebauth,MCASTData,Transit,DOT1XAuth,Swfwd,LOGGING,L2LVXData,ForusTraffic,ForusARP,McastEndStn,Openflow,Exception,EGRExcption,NflSampled,RpfFailed
!
policy-map system-cpp-policy
!
! 
!
!
!
!
!
!
!
!
!
interface Port-channel1
 switchport trunk native vlan 123
 switchport trunk allowed vlan 10,100,214,314
 switchport mode trunk
 switchport nonegotiate
!
interface Port-channel2
 switchport trunk native vlan 123
 switchport trunk allowed vlan 10,214,314
 switchport mode trunk
 switchport nonegotiate
 spanning-tree guard root
!
interface Port-channel3
 switchport trunk native vlan 123
 switchport trunk allowed vlan 10,214,314
 switchport mode trunk
 switchport nonegotiate
!
interface GigabitEthernet0/0
 vrf forwarding Mgmt-vrf
 ip dhcp client client-id ascii cisco-7061.7bfd.f380-Gi0/0
 ip address dhcp
 shutdown
 negotiation auto
!
interface GigabitEthernet1/0/1
 switchport trunk native vlan 123
 switchport trunk allowed vlan 10,100,214,314
 switchport mode trunk
 switchport nonegotiate
 channel-group 1 mode on
!
interface GigabitEthernet1/0/2
 switchport trunk native vlan 123
 switchport trunk allowed vlan 10,100,214,314
 switchport mode trunk
 switchport nonegotiate
 channel-group 1 mode on
!
interface GigabitEthernet1/0/3
 switchport trunk native vlan 123
 switchport trunk allowed vlan 10,100,214,314
 switchport mode trunk
 switchport nonegotiate
 channel-group 1 mode on
!
interface GigabitEthernet1/0/4
 switchport trunk native vlan 123
 switchport trunk allowed vlan 10,100,214,314
 switchport mode trunk
 switchport nonegotiate
 channel-group 1 mode on
!
interface GigabitEthernet1/0/5
 switchport trunk native vlan 123
 switchport trunk allowed vlan 10,214,314
 switchport mode trunk
 switchport nonegotiate
 channel-group 2 mode desirable
 spanning-tree guard root
!
interface GigabitEthernet1/0/6
 switchport trunk native vlan 123
 switchport trunk allowed vlan 10,214,314
 switchport mode trunk
 switchport nonegotiate
 channel-group 2 mode desirable
 spanning-tree guard root
!
interface GigabitEthernet1/0/7
 switchport trunk native vlan 123
 switchport trunk allowed vlan 10,214,314
 switchport mode trunk
 switchport nonegotiate
 channel-group 3 mode desirable
!
interface GigabitEthernet1/0/8
 switchport trunk native vlan 123
 switchport trunk allowed vlan 10,214,314
 switchport mode trunk
 switchport nonegotiate
 channel-group 3 mode desirable
!
interface GigabitEthernet1/0/9
 switchport access vlan 999
 switchport mode access
 shutdown
!
interface GigabitEthernet1/0/10
 switchport access vlan 999
 switchport mode access
 shutdown
!
interface GigabitEthernet1/0/11
 switchport access vlan 999
 switchport trunk allowed vlan 10,100
 switchport mode access
 switchport nonegotiate
 shutdown
!
interface GigabitEthernet1/0/12
 switchport access vlan 999
 switchport mode access
 shutdown
!
interface GigabitEthernet1/0/13
 switchport access vlan 999
 switchport mode access
 shutdown
!
interface GigabitEthernet1/0/14
 switchport access vlan 999
 switchport mode access
 shutdown
!
interface GigabitEthernet1/0/15
 switchport access vlan 999
 switchport mode access
 shutdown
!
interface GigabitEthernet1/0/16
 switchport access vlan 999
 switchport mode access
 shutdown
!
interface GigabitEthernet1/0/17
 switchport access vlan 999
 switchport mode access
 shutdown
!
interface GigabitEthernet1/0/18
 switchport access vlan 999
 switchport mode access
 shutdown
!
interface GigabitEthernet1/0/19
 switchport access vlan 999
 switchport mode access
 shutdown
!
interface GigabitEthernet1/0/20
 switchport access vlan 999
 switchport mode access
 shutdown
!
interface GigabitEthernet1/0/21
 switchport access vlan 999
 switchport mode access
 shutdown
!
interface GigabitEthernet1/0/22
 switchport access vlan 999
 switchport mode access
 shutdown
!
interface GigabitEthernet1/0/23
 switchport access vlan 999
 switchport mode access
 shutdown
!
interface GigabitEthernet1/0/24
 switchport access vlan 999
 switchport mode access
 shutdown
!
interface GigabitEthernet1/1/1
 switchport access vlan 999
 switchport mode access
 shutdown
!
interface GigabitEthernet1/1/2
 switchport access vlan 999
 switchport mode access
 shutdown
!
interface GigabitEthernet1/1/3
 switchport access vlan 999
 switchport mode access
 shutdown
!
interface GigabitEthernet1/1/4
 switchport access vlan 999
 switchport mode access
 shutdown
!
interface AppGigabitEthernet1/0/1
 switchport access vlan 999
 switchport mode access
 shutdown
!
interface Vlan1
 no ip address
!
interface Vlan10
 ip address 172.16.14.2 255.255.255.0
 standby version 2
 standby 0 preempt
 standby 38 ip 172.16.14.254
 standby 38 priority 105
 standby 38 preempt
!
interface Vlan214
 ip address 172.16.114.2 255.255.255.0
 standby version 2
 standby 0 preempt
 standby 242 ip 172.16.114.254
!
interface Vlan314
 ip address 172.16.214.2 255.255.255.0
 standby version 2
 standby 0 preempt
 standby 342 ip 172.16.214.254
 standby 342 priority 105
 standby 342 preempt
!
ip forward-protocol nd
ip http server
ip http authentication local
ip http secure-server
ip http client source-interface GigabitEthernet0/0
!
!
!
!
!
!
control-plane
 service-policy input system-cpp-policy
!
!
line con 0
 exec-timeout 0 0
 logging synchronous
 stopbits 1
line vty 0 4
 login
line vty 5 15
 login
!
!
!
!
!
!
end

