!
﻿TOR-D1#sh run b
!

!
hostname TOR-D1
!
vrf definition Mgmt-vrf
 address-family ipv4
 exit-address-family
 address-family ipv6
 exit-address-family
!
ip routing
!
no ip domain lookup
!
spanning-tree mode rapid-pvst
!
spanning-tree extend system-id
!
spanning-tree vlan 10,314 priority 24576
!
spanning-tree vlan 214 priority 28672
  description MCAST Data
  description L2 control, Topology control, Routing control, Low Latency
!
interface Port-channel1
 switchport trunk native vlan 123
 switchport trunk allowed vlan 10,100,214,314
 switchport mode trunk
 switchport nonegotiate
!
interface Port-channel2
 switchport trunk native vlan 123
 switchport trunk allowed vlan 10,214,314
 switchport mode trunk
 switchport nonegotiate
 spanning-tree guard root
!
interface Port-channel3
 switchport trunk native vlan 123
 switchport trunk allowed vlan 10,214,314
 switchport mode trunk
 switchport nonegotiate
!
interface GigabitEthernet0/0
 vrf forwarding Mgmt-vrf
 ip dhcp client client-id ascii cisco-7061.7bfd.f380-Gi0/0
 ip address dhcp
 shutdown
 negotiation auto
!
interface GigabitEthernet1/0/1
 switchport trunk native vlan 123
 switchport trunk allowed vlan 10,100,214,314
 switchport mode trunk
 switchport nonegotiate
 channel-group 1 mode on
!
interface GigabitEthernet1/0/2
 switchport trunk native vlan 123
 switchport trunk allowed vlan 10,100,214,314
 switchport mode trunk
 switchport nonegotiate
 channel-group 1 mode on
!
interface GigabitEthernet1/0/3
 switchport trunk native vlan 123
 switchport trunk allowed vlan 10,100,214,314
 switchport mode trunk
 switchport nonegotiate
 channel-group 1 mode on
!
interface GigabitEthernet1/0/4
 switchport trunk native vlan 123
 switchport trunk allowed vlan 10,100,214,314
 switchport mode trunk
 switchport nonegotiate
 channel-group 1 mode on
!
interface GigabitEthernet1/0/5
 switchport trunk native vlan 123
 switchport trunk allowed vlan 10,214,314
 switchport mode trunk
 switchport nonegotiate
 channel-group 2 mode desirable
 spanning-tree guard root
!
interface GigabitEthernet1/0/6
 switchport trunk native vlan 123
 switchport trunk allowed vlan 10,214,314
 switchport mode trunk
 switchport nonegotiate
 channel-group 2 mode desirable
 spanning-tree guard root
!
interface GigabitEthernet1/0/7
 switchport trunk native vlan 123
 switchport trunk allowed vlan 10,214,314
 switchport mode trunk
 switchport nonegotiate
 channel-group 3 mode desirable
!
interface GigabitEthernet1/0/8
 switchport trunk native vlan 123
 switchport trunk allowed vlan 10,214,314
 switchport mode trunk
 switchport nonegotiate
 channel-group 3 mode desirable
!
interface GigabitEthernet1/0/9
 switchport access vlan 999
 switchport mode access
 shutdown
!
interface GigabitEthernet1/0/10
 switchport access vlan 999
 switchport mode access
 shutdown
!
interface GigabitEthernet1/0/11
 switchport access vlan 999
 switchport trunk allowed vlan 10,100
 switchport mode access
 switchport nonegotiate
 shutdown
!
interface GigabitEthernet1/0/12
 switchport access vlan 999
 switchport mode access
 shutdown
!
interface GigabitEthernet1/0/13
 switchport access vlan 999
 switchport mode access
 shutdown
!
interface GigabitEthernet1/0/14
 switchport access vlan 999
 switchport mode access
 shutdown
!
interface GigabitEthernet1/0/15
 switchport access vlan 999
 switchport mode access
 shutdown
!
interface GigabitEthernet1/0/16
 switchport access vlan 999
 switchport mode access
 shutdown
!
interface GigabitEthernet1/0/17
 switchport access vlan 999
 switchport mode access
 shutdown
!
interface GigabitEthernet1/0/18
 switchport access vlan 999
 switchport mode access
 shutdown
!
interface GigabitEthernet1/0/19
 switchport access vlan 999
 switchport mode access
 shutdown
!
interface GigabitEthernet1/0/20
 switchport access vlan 999
 switchport mode access
 shutdown
!
interface GigabitEthernet1/0/21
 switchport access vlan 999
 switchport mode access
 shutdown
!
interface GigabitEthernet1/0/22
 switchport access vlan 999
 switchport mode access
 shutdown
!
interface GigabitEthernet1/0/23
 switchport access vlan 999
 switchport mode access
 shutdown
!
interface GigabitEthernet1/0/24
 switchport access vlan 999
 switchport mode access
 shutdown
!
interface GigabitEthernet1/1/1
 switchport access vlan 999
 switchport mode access
 shutdown
!
interface GigabitEthernet1/1/2
 switchport access vlan 999
 switchport mode access
 shutdown
!
interface GigabitEthernet1/1/3
 switchport access vlan 999
 switchport mode access
 shutdown
!
interface GigabitEthernet1/1/4
 switchport access vlan 999
 switchport mode access
 shutdown
!
interface AppGigabitEthernet1/0/1
 switchport access vlan 999
 switchport mode access
 shutdown
!
interface Vlan1
 no ip address
!
interface Vlan10
 ip address 172.16.14.2 255.255.255.0
 standby version 2
 standby 0 preempt
 standby 38 ip 172.16.14.254
 standby 38 priority 105
 standby 38 preempt
!
interface Vlan214
 ip address 172.16.114.2 255.255.255.0
 standby version 2
 standby 0 preempt
 standby 242 ip 172.16.114.254
!
interface Vlan314
 ip address 172.16.214.2 255.255.255.0
 standby version 2
 standby 0 preempt
 standby 342 ip 172.16.214.254
 standby 342 priority 105
 standby 342 preempt
!
line con 0
 exec-timeout 0 0
 logging synchronous
!
line vty 0 4
 login
!
line vty 5 15
 login
!
end
!

